Performing C SOURCE FILE Test CMAKE_HAVE_LIBC_PTHREAD failed with the following output:
Change Dir: /home/q9/AndroidStudioProjects/libs/mbedtls/build/armeabi-v7a/CMakeFiles/CMakeTmp

Run Build Command(s):/usr/bin/gmake cmTC_05a22/fast && /usr/bin/gmake  -f CMakeFiles/cmTC_05a22.dir/build.make CMakeFiles/cmTC_05a22.dir/build
gmake[1]: Entering directory '/home/q9/AndroidStudioProjects/libs/mbedtls/build/armeabi-v7a/CMakeFiles/CMakeTmp'
Building C object CMakeFiles/cmTC_05a22.dir/src.c.o
/home/q9/Android/Sdk/ndk/21.4.7075529/toolchains/llvm/prebuilt/linux-x86_64/bin/clang --target=armv7-none-linux-androideabi16 --gcc-toolchain=/home/q9/Android/Sdk/ndk/21.4.7075529/toolchains/llvm/prebuilt/linux-x86_64 --sysroot=/home/q9/Android/Sdk/ndk/21.4.7075529/toolchains/llvm/prebuilt/linux-x86_64/sysroot   -g -DANDROID -fdata-sections -ffunction-sections -funwind-tables -fstack-protector-strong -no-canonical-prefixes -D_FORTIFY_SOURCE=2 -march=armv7-a -mthumb -Wformat -Werror=format-security  -Wall -Wextra -Wwrite-strings -Wpointer-arith -Wimplicit-fallthrough -Wshadow -Wvla -Wformat=2 -Wno-format-nonliteral -Werror -DCMAKE_HAVE_LIBC_PTHREAD -fPIE -o CMakeFiles/cmTC_05a22.dir/src.c.o -c /home/q9/AndroidStudioProjects/libs/mbedtls/build/armeabi-v7a/CMakeFiles/CMakeTmp/src.c
/home/q9/AndroidStudioProjects/libs/mbedtls/build/armeabi-v7a/CMakeFiles/CMakeTmp/src.c:13:3: error: implicit declaration of function 'pthread_cancel' is invalid in C99 [-Werror,-Wimplicit-function-declaration]
  pthread_cancel(thread);
  ^
/home/q9/AndroidStudioProjects/libs/mbedtls/build/armeabi-v7a/CMakeFiles/CMakeTmp/src.c:13:3: note: did you mean 'pthread_once'?
/home/q9/Android/Sdk/ndk/21.4.7075529/toolchains/llvm/prebuilt/linux-x86_64/sysroot/usr/include/pthread.h:275:5: note: 'pthread_once' declared here
int pthread_once(pthread_once_t* __once, void (*__init_routine)(void));
    ^
1 error generated.
gmake[1]: *** [CMakeFiles/cmTC_05a22.dir/build.make:85: CMakeFiles/cmTC_05a22.dir/src.c.o] Error 1
gmake[1]: Leaving directory '/home/q9/AndroidStudioProjects/libs/mbedtls/build/armeabi-v7a/CMakeFiles/CMakeTmp'
gmake: *** [Makefile:140: cmTC_05a22/fast] Error 2


Source file was:
#include <pthread.h>

void* test_func(void* data)
{
  return data;
}

int main(void)
{
  pthread_t thread;
  pthread_create(&thread, NULL, test_func, NULL);
  pthread_detach(thread);
  pthread_cancel(thread);
  pthread_join(thread, NULL);
  pthread_atfork(NULL, NULL, NULL);
  pthread_exit(NULL);

  return 0;
}

Determining if the function pthread_create exists in the pthreads failed with the following output:
Change Dir: /home/q9/AndroidStudioProjects/libs/mbedtls/build/armeabi-v7a/CMakeFiles/CMakeTmp

Run Build Command(s):/usr/bin/gmake cmTC_f0ef9/fast && /usr/bin/gmake  -f CMakeFiles/cmTC_f0ef9.dir/build.make CMakeFiles/cmTC_f0ef9.dir/build
gmake[1]: Entering directory '/home/q9/AndroidStudioProjects/libs/mbedtls/build/armeabi-v7a/CMakeFiles/CMakeTmp'
Building C object CMakeFiles/cmTC_f0ef9.dir/CheckFunctionExists.c.o
/home/q9/Android/Sdk/ndk/21.4.7075529/toolchains/llvm/prebuilt/linux-x86_64/bin/clang --target=armv7-none-linux-androideabi16 --gcc-toolchain=/home/q9/Android/Sdk/ndk/21.4.7075529/toolchains/llvm/prebuilt/linux-x86_64 --sysroot=/home/q9/Android/Sdk/ndk/21.4.7075529/toolchains/llvm/prebuilt/linux-x86_64/sysroot   -g -DANDROID -fdata-sections -ffunction-sections -funwind-tables -fstack-protector-strong -no-canonical-prefixes -D_FORTIFY_SOURCE=2 -march=armv7-a -mthumb -Wformat -Werror=format-security  -Wall -Wextra -Wwrite-strings -Wpointer-arith -Wimplicit-fallthrough -Wshadow -Wvla -Wformat=2 -Wno-format-nonliteral -Werror -DCHECK_FUNCTION_EXISTS=pthread_create -fPIE -o CMakeFiles/cmTC_f0ef9.dir/CheckFunctionExists.c.o -c /home/q9/Android/Sdk/cmake/3.18.1/share/cmake-3.18/Modules/CheckFunctionExists.c
/home/q9/Android/Sdk/cmake/3.18.1/share/cmake-3.18/Modules/CheckFunctionExists.c:7:3: error: declaration of built-in function 'pthread_create' requires inclusion of the header <pthread.h> [-Werror,-Wbuiltin-requires-header]
  CHECK_FUNCTION_EXISTS(void);
  ^
<command line>:3:31: note: expanded from here
#define CHECK_FUNCTION_EXISTS pthread_create
                              ^
1 error generated.
gmake[1]: *** [CMakeFiles/cmTC_f0ef9.dir/build.make:85: CMakeFiles/cmTC_f0ef9.dir/CheckFunctionExists.c.o] Error 1
gmake[1]: Leaving directory '/home/q9/AndroidStudioProjects/libs/mbedtls/build/armeabi-v7a/CMakeFiles/CMakeTmp'
gmake: *** [Makefile:140: cmTC_f0ef9/fast] Error 2



Determining if the function pthread_create exists in the pthread failed with the following output:
Change Dir: /home/q9/AndroidStudioProjects/libs/mbedtls/build/armeabi-v7a/CMakeFiles/CMakeTmp

Run Build Command(s):/usr/bin/gmake cmTC_2b299/fast && /usr/bin/gmake  -f CMakeFiles/cmTC_2b299.dir/build.make CMakeFiles/cmTC_2b299.dir/build
gmake[1]: Entering directory '/home/q9/AndroidStudioProjects/libs/mbedtls/build/armeabi-v7a/CMakeFiles/CMakeTmp'
Building C object CMakeFiles/cmTC_2b299.dir/CheckFunctionExists.c.o
/home/q9/Android/Sdk/ndk/21.4.7075529/toolchains/llvm/prebuilt/linux-x86_64/bin/clang --target=armv7-none-linux-androideabi16 --gcc-toolchain=/home/q9/Android/Sdk/ndk/21.4.7075529/toolchains/llvm/prebuilt/linux-x86_64 --sysroot=/home/q9/Android/Sdk/ndk/21.4.7075529/toolchains/llvm/prebuilt/linux-x86_64/sysroot   -g -DANDROID -fdata-sections -ffunction-sections -funwind-tables -fstack-protector-strong -no-canonical-prefixes -D_FORTIFY_SOURCE=2 -march=armv7-a -mthumb -Wformat -Werror=format-security  -Wall -Wextra -Wwrite-strings -Wpointer-arith -Wimplicit-fallthrough -Wshadow -Wvla -Wformat=2 -Wno-format-nonliteral -Werror -DCHECK_FUNCTION_EXISTS=pthread_create -fPIE -o CMakeFiles/cmTC_2b299.dir/CheckFunctionExists.c.o -c /home/q9/Android/Sdk/cmake/3.18.1/share/cmake-3.18/Modules/CheckFunctionExists.c
/home/q9/Android/Sdk/cmake/3.18.1/share/cmake-3.18/Modules/CheckFunctionExists.c:7:3: error: declaration of built-in function 'pthread_create' requires inclusion of the header <pthread.h> [-Werror,-Wbuiltin-requires-header]
  CHECK_FUNCTION_EXISTS(void);
  ^
<command line>:3:31: note: expanded from here
#define CHECK_FUNCTION_EXISTS pthread_create
                              ^
1 error generated.
gmake[1]: *** [CMakeFiles/cmTC_2b299.dir/build.make:85: CMakeFiles/cmTC_2b299.dir/CheckFunctionExists.c.o] Error 1
gmake[1]: Leaving directory '/home/q9/AndroidStudioProjects/libs/mbedtls/build/armeabi-v7a/CMakeFiles/CMakeTmp'
gmake: *** [Makefile:140: cmTC_2b299/fast] Error 2



