Performing C++ SOURCE FILE Test CMAKE_HAVE_LIBC_PTHREAD failed with the following output:
Change Dir: /home/q9/AndroidStudioProjects/libs/spdlog/build/armeabi-v7a/CMakeFiles/CMakeTmp

Run Build Command(s):/usr/bin/gmake cmTC_d90cf/fast && /usr/bin/gmake  -f CMakeFiles/cmTC_d90cf.dir/build.make CMakeFiles/cmTC_d90cf.dir/build
gmake[1]: Entering directory '/home/q9/AndroidStudioProjects/libs/spdlog/build/armeabi-v7a/CMakeFiles/CMakeTmp'
Building CXX object CMakeFiles/cmTC_d90cf.dir/src.cxx.o
/home/q9/Android/Sdk/ndk/21.4.7075529/toolchains/llvm/prebuilt/linux-x86_64/bin/clang++ --target=armv7-none-linux-androideabi16 --gcc-toolchain=/home/q9/Android/Sdk/ndk/21.4.7075529/toolchains/llvm/prebuilt/linux-x86_64 --sysroot=/home/q9/Android/Sdk/ndk/21.4.7075529/toolchains/llvm/prebuilt/linux-x86_64/sysroot   -g -DANDROID -fdata-sections -ffunction-sections -funwind-tables -fstack-protector-strong -no-canonical-prefixes -D_FORTIFY_SOURCE=2 -march=armv7-a -mthumb -Wformat -Werror=format-security  -DSPDLOG_COMPILED_LIB -DCMAKE_HAVE_LIBC_PTHREAD -fPIE -std=c++11 -o CMakeFiles/cmTC_d90cf.dir/src.cxx.o -c /home/q9/AndroidStudioProjects/libs/spdlog/build/armeabi-v7a/CMakeFiles/CMakeTmp/src.cxx
/home/q9/AndroidStudioProjects/libs/spdlog/build/armeabi-v7a/CMakeFiles/CMakeTmp/src.cxx:13:3: error: use of undeclared identifier 'pthread_cancel'
  pthread_cancel(thread);
  ^
1 error generated.
gmake[1]: *** [CMakeFiles/cmTC_d90cf.dir/build.make:85: CMakeFiles/cmTC_d90cf.dir/src.cxx.o] Error 1
gmake[1]: Leaving directory '/home/q9/AndroidStudioProjects/libs/spdlog/build/armeabi-v7a/CMakeFiles/CMakeTmp'
gmake: *** [Makefile:140: cmTC_d90cf/fast] Error 2


Source file was:
#include <pthread.h>

void* test_func(void* data)
{
  return data;
}

int main(void)
{
  pthread_t thread;
  pthread_create(&thread, NULL, test_func, NULL);
  pthread_detach(thread);
  pthread_cancel(thread);
  pthread_join(thread, NULL);
  pthread_atfork(NULL, NULL, NULL);
  pthread_exit(NULL);

  return 0;
}

Determining if the function pthread_create exists in the pthreads failed with the following output:
Change Dir: /home/q9/AndroidStudioProjects/libs/spdlog/build/armeabi-v7a/CMakeFiles/CMakeTmp

Run Build Command(s):/usr/bin/gmake cmTC_11f68/fast && /usr/bin/gmake  -f CMakeFiles/cmTC_11f68.dir/build.make CMakeFiles/cmTC_11f68.dir/build
gmake[1]: Entering directory '/home/q9/AndroidStudioProjects/libs/spdlog/build/armeabi-v7a/CMakeFiles/CMakeTmp'
Building CXX object CMakeFiles/cmTC_11f68.dir/CheckFunctionExists.cxx.o
/home/q9/Android/Sdk/ndk/21.4.7075529/toolchains/llvm/prebuilt/linux-x86_64/bin/clang++ --target=armv7-none-linux-androideabi16 --gcc-toolchain=/home/q9/Android/Sdk/ndk/21.4.7075529/toolchains/llvm/prebuilt/linux-x86_64 --sysroot=/home/q9/Android/Sdk/ndk/21.4.7075529/toolchains/llvm/prebuilt/linux-x86_64/sysroot   -g -DANDROID -fdata-sections -ffunction-sections -funwind-tables -fstack-protector-strong -no-canonical-prefixes -D_FORTIFY_SOURCE=2 -march=armv7-a -mthumb -Wformat -Werror=format-security  -DSPDLOG_COMPILED_LIB -DCHECK_FUNCTION_EXISTS=pthread_create -fPIE -std=c++11 -o CMakeFiles/cmTC_11f68.dir/CheckFunctionExists.cxx.o -c /home/q9/AndroidStudioProjects/libs/spdlog/build/armeabi-v7a/CMakeFiles/CheckLibraryExists/CheckFunctionExists.cxx
Linking CXX executable cmTC_11f68
/home/q9/Android/Sdk/cmake/3.18.1/bin/cmake -E cmake_link_script CMakeFiles/cmTC_11f68.dir/link.txt --verbose=1
/home/q9/Android/Sdk/ndk/21.4.7075529/toolchains/llvm/prebuilt/linux-x86_64/bin/clang++ --target=armv7-none-linux-androideabi16 --gcc-toolchain=/home/q9/Android/Sdk/ndk/21.4.7075529/toolchains/llvm/prebuilt/linux-x86_64 --sysroot=/home/q9/Android/Sdk/ndk/21.4.7075529/toolchains/llvm/prebuilt/linux-x86_64/sysroot -g -DANDROID -fdata-sections -ffunction-sections -funwind-tables -fstack-protector-strong -no-canonical-prefixes -D_FORTIFY_SOURCE=2 -march=armv7-a -mthumb -Wformat -Werror=format-security  -DSPDLOG_COMPILED_LIB -DCHECK_FUNCTION_EXISTS=pthread_create -Wl,--exclude-libs,libgcc.a -Wl,--exclude-libs,libgcc_real.a -Wl,--exclude-libs,libatomic.a -static-libstdc++ -Wl,--build-id -Wl,--fatal-warnings -Wl,--exclude-libs,libunwind.a -Wl,--no-undefined -Qunused-arguments -Wl,--gc-sections   CMakeFiles/cmTC_11f68.dir/CheckFunctionExists.cxx.o -o cmTC_11f68  -lpthreads -latomic -lm 
/home/q9/Android/Sdk/ndk/21.4.7075529/toolchains/llvm/prebuilt/linux-x86_64/lib/gcc/arm-linux-androideabi/4.9.x/../../../../arm-linux-androideabi/bin/ld: error: cannot find -lpthreads
clang++: error: linker command failed with exit code 1 (use -v to see invocation)
gmake[1]: *** [CMakeFiles/cmTC_11f68.dir/build.make:106: cmTC_11f68] Error 1
gmake[1]: Leaving directory '/home/q9/AndroidStudioProjects/libs/spdlog/build/armeabi-v7a/CMakeFiles/CMakeTmp'
gmake: *** [Makefile:140: cmTC_11f68/fast] Error 2



Determining if the function pthread_create exists in the pthread failed with the following output:
Change Dir: /home/q9/AndroidStudioProjects/libs/spdlog/build/armeabi-v7a/CMakeFiles/CMakeTmp

Run Build Command(s):/usr/bin/gmake cmTC_c8c44/fast && /usr/bin/gmake  -f CMakeFiles/cmTC_c8c44.dir/build.make CMakeFiles/cmTC_c8c44.dir/build
gmake[1]: Entering directory '/home/q9/AndroidStudioProjects/libs/spdlog/build/armeabi-v7a/CMakeFiles/CMakeTmp'
Building CXX object CMakeFiles/cmTC_c8c44.dir/CheckFunctionExists.cxx.o
/home/q9/Android/Sdk/ndk/21.4.7075529/toolchains/llvm/prebuilt/linux-x86_64/bin/clang++ --target=armv7-none-linux-androideabi16 --gcc-toolchain=/home/q9/Android/Sdk/ndk/21.4.7075529/toolchains/llvm/prebuilt/linux-x86_64 --sysroot=/home/q9/Android/Sdk/ndk/21.4.7075529/toolchains/llvm/prebuilt/linux-x86_64/sysroot   -g -DANDROID -fdata-sections -ffunction-sections -funwind-tables -fstack-protector-strong -no-canonical-prefixes -D_FORTIFY_SOURCE=2 -march=armv7-a -mthumb -Wformat -Werror=format-security  -DSPDLOG_COMPILED_LIB -DCHECK_FUNCTION_EXISTS=pthread_create -fPIE -std=c++11 -o CMakeFiles/cmTC_c8c44.dir/CheckFunctionExists.cxx.o -c /home/q9/AndroidStudioProjects/libs/spdlog/build/armeabi-v7a/CMakeFiles/CheckLibraryExists/CheckFunctionExists.cxx
Linking CXX executable cmTC_c8c44
/home/q9/Android/Sdk/cmake/3.18.1/bin/cmake -E cmake_link_script CMakeFiles/cmTC_c8c44.dir/link.txt --verbose=1
/home/q9/Android/Sdk/ndk/21.4.7075529/toolchains/llvm/prebuilt/linux-x86_64/bin/clang++ --target=armv7-none-linux-androideabi16 --gcc-toolchain=/home/q9/Android/Sdk/ndk/21.4.7075529/toolchains/llvm/prebuilt/linux-x86_64 --sysroot=/home/q9/Android/Sdk/ndk/21.4.7075529/toolchains/llvm/prebuilt/linux-x86_64/sysroot -g -DANDROID -fdata-sections -ffunction-sections -funwind-tables -fstack-protector-strong -no-canonical-prefixes -D_FORTIFY_SOURCE=2 -march=armv7-a -mthumb -Wformat -Werror=format-security  -DSPDLOG_COMPILED_LIB -DCHECK_FUNCTION_EXISTS=pthread_create -Wl,--exclude-libs,libgcc.a -Wl,--exclude-libs,libgcc_real.a -Wl,--exclude-libs,libatomic.a -static-libstdc++ -Wl,--build-id -Wl,--fatal-warnings -Wl,--exclude-libs,libunwind.a -Wl,--no-undefined -Qunused-arguments -Wl,--gc-sections   CMakeFiles/cmTC_c8c44.dir/CheckFunctionExists.cxx.o -o cmTC_c8c44  -lpthread -latomic -lm 
/home/q9/Android/Sdk/ndk/21.4.7075529/toolchains/llvm/prebuilt/linux-x86_64/lib/gcc/arm-linux-androideabi/4.9.x/../../../../arm-linux-androideabi/bin/ld: error: cannot find -lpthread
clang++: error: linker command failed with exit code 1 (use -v to see invocation)
gmake[1]: *** [CMakeFiles/cmTC_c8c44.dir/build.make:106: cmTC_c8c44] Error 1
gmake[1]: Leaving directory '/home/q9/AndroidStudioProjects/libs/spdlog/build/armeabi-v7a/CMakeFiles/CMakeTmp'
gmake: *** [Makefile:140: cmTC_c8c44/fast] Error 2



